mode: set
availability-checker/checker/httpchecker.go:11.45,13.16 2 0
availability-checker/checker/httpchecker.go:13.16,15.3 1 0
availability-checker/checker/httpchecker.go:16.2,18.46 2 0
availability-checker/checker/httpchecker.go:21.37,23.2 1 0
availability-checker/checker/httpchecker.go:25.35,27.2 1 0
availability-checker/checker/httpchecker.go:30.40,32.2 1 0
availability-checker/checker/mysqlchecker.go:27.38,29.2 1 0
availability-checker/checker/mysqlchecker.go:31.46,33.16 2 1
availability-checker/checker/mysqlchecker.go:33.16,35.3 1 0
availability-checker/checker/mysqlchecker.go:37.2,37.29 1 1
availability-checker/checker/mysqlchecker.go:37.29,39.3 1 0
availability-checker/checker/mysqlchecker.go:41.2,44.16 3 1
availability-checker/checker/mysqlchecker.go:44.16,47.3 2 0
availability-checker/checker/mysqlchecker.go:48.2,51.16 3 1
availability-checker/checker/mysqlchecker.go:51.16,54.3 2 0
availability-checker/checker/mysqlchecker.go:56.2,56.18 1 1
availability-checker/checker/mysqlchecker.go:59.36,61.54 2 1
availability-checker/checker/mysqlchecker.go:61.54,63.3 1 0
availability-checker/checker/mysqlchecker.go:66.2,67.16 2 1
availability-checker/checker/mysqlchecker.go:67.16,69.3 1 0
availability-checker/checker/mysqlchecker.go:71.2,72.39 2 1
availability-checker/checker/mysqlchecker.go:72.39,73.40 1 0
availability-checker/checker/mysqlchecker.go:73.40,74.29 1 0
availability-checker/checker/mysqlchecker.go:74.29,76.10 2 0
availability-checker/checker/mysqlchecker.go:79.3,79.24 1 0
availability-checker/checker/mysqlchecker.go:79.24,80.9 1 0
availability-checker/checker/mysqlchecker.go:84.2,84.23 1 1
availability-checker/checker/mysqlchecker.go:84.23,87.17 2 1
availability-checker/checker/mysqlchecker.go:87.17,88.14 1 0
availability-checker/checker/mysqlchecker.go:90.3,107.17 5 1
availability-checker/checker/mysqlchecker.go:107.17,109.4 1 0
availability-checker/checker/mysqlchecker.go:111.3,111.24 1 1
availability-checker/checker/mysqlchecker.go:114.2,114.106 1 1
availability-checker/checker/mysqlchecker.go:114.106,116.3 1 0
availability-checker/checker/mysqlchecker.go:117.2,117.12 1 1
availability-checker/checker/mysqlchecker.go:120.41,122.2 1 0
availability-checker/checker/pgchecker.go:20.41,22.2 1 0
availability-checker/checker/pgchecker.go:24.49,26.16 2 0
availability-checker/checker/pgchecker.go:26.16,28.3 1 0
availability-checker/checker/pgchecker.go:30.2,30.29 1 0
availability-checker/checker/pgchecker.go:30.29,32.3 1 0
availability-checker/checker/pgchecker.go:34.2,38.16 4 0
availability-checker/checker/pgchecker.go:38.16,41.3 2 0
availability-checker/checker/pgchecker.go:42.2,45.16 3 0
availability-checker/checker/pgchecker.go:45.16,48.3 2 0
availability-checker/checker/pgchecker.go:50.2,50.18 1 0
availability-checker/checker/pgchecker.go:53.39,58.16 3 0
availability-checker/checker/pgchecker.go:58.16,60.3 1 0
availability-checker/checker/pgchecker.go:61.2,65.16 3 0
availability-checker/checker/pgchecker.go:65.16,67.3 1 0
availability-checker/checker/pgchecker.go:68.2,72.16 3 0
availability-checker/checker/pgchecker.go:72.16,74.3 1 0
availability-checker/checker/pgchecker.go:76.2,76.12 1 0
availability-checker/checker/pgchecker.go:79.44,81.2 1 0
