mode: set
availability-checker/pkg/checker/httpchecker.go:11.45,13.16 2 1
availability-checker/pkg/checker/httpchecker.go:13.16,15.3 1 1
availability-checker/pkg/checker/httpchecker.go:16.2,18.46 2 1
availability-checker/pkg/checker/httpchecker.go:21.37,23.2 1 1
availability-checker/pkg/checker/httpchecker.go:25.35,27.2 1 1
availability-checker/pkg/checker/httpchecker.go:30.40,32.2 1 1
availability-checker/pkg/checker/mysqlchecker.go:27.38,29.2 1 0
availability-checker/pkg/checker/mysqlchecker.go:31.46,33.16 2 1
availability-checker/pkg/checker/mysqlchecker.go:33.16,35.3 1 0
availability-checker/pkg/checker/mysqlchecker.go:37.2,37.29 1 1
availability-checker/pkg/checker/mysqlchecker.go:37.29,39.3 1 0
availability-checker/pkg/checker/mysqlchecker.go:41.2,44.16 3 1
availability-checker/pkg/checker/mysqlchecker.go:44.16,47.3 2 1
availability-checker/pkg/checker/mysqlchecker.go:48.2,51.16 3 1
availability-checker/pkg/checker/mysqlchecker.go:51.16,54.3 2 1
availability-checker/pkg/checker/mysqlchecker.go:56.2,56.18 1 1
availability-checker/pkg/checker/mysqlchecker.go:59.36,61.54 2 1
availability-checker/pkg/checker/mysqlchecker.go:61.54,63.3 1 0
availability-checker/pkg/checker/mysqlchecker.go:64.2,68.16 3 1
availability-checker/pkg/checker/mysqlchecker.go:68.16,70.3 1 0
availability-checker/pkg/checker/mysqlchecker.go:72.2,73.39 2 1
availability-checker/pkg/checker/mysqlchecker.go:73.39,74.40 1 1
availability-checker/pkg/checker/mysqlchecker.go:74.40,75.29 1 1
availability-checker/pkg/checker/mysqlchecker.go:75.29,77.10 2 1
availability-checker/pkg/checker/mysqlchecker.go:80.3,80.24 1 1
availability-checker/pkg/checker/mysqlchecker.go:80.24,81.9 1 1
availability-checker/pkg/checker/mysqlchecker.go:85.2,85.23 1 1
availability-checker/pkg/checker/mysqlchecker.go:85.23,88.17 2 1
availability-checker/pkg/checker/mysqlchecker.go:88.17,89.14 1 0
availability-checker/pkg/checker/mysqlchecker.go:91.3,108.17 5 1
availability-checker/pkg/checker/mysqlchecker.go:108.17,110.4 1 0
availability-checker/pkg/checker/mysqlchecker.go:112.3,112.24 1 1
availability-checker/pkg/checker/mysqlchecker.go:115.2,115.106 1 1
availability-checker/pkg/checker/mysqlchecker.go:115.106,117.3 1 0
availability-checker/pkg/checker/mysqlchecker.go:118.2,118.12 1 1
availability-checker/pkg/checker/mysqlchecker.go:121.41,123.2 1 0
availability-checker/pkg/checker/pgchecker.go:21.41,23.2 1 1
availability-checker/pkg/checker/pgchecker.go:25.49,27.16 2 1
availability-checker/pkg/checker/pgchecker.go:27.16,29.3 1 0
availability-checker/pkg/checker/pgchecker.go:31.2,31.29 1 1
availability-checker/pkg/checker/pgchecker.go:31.29,33.3 1 0
availability-checker/pkg/checker/pgchecker.go:35.2,39.16 4 1
availability-checker/pkg/checker/pgchecker.go:39.16,42.3 2 1
availability-checker/pkg/checker/pgchecker.go:43.2,46.16 3 1
availability-checker/pkg/checker/pgchecker.go:46.16,49.3 2 1
availability-checker/pkg/checker/pgchecker.go:51.2,51.18 1 1
availability-checker/pkg/checker/pgchecker.go:54.39,58.16 3 1
availability-checker/pkg/checker/pgchecker.go:58.16,60.3 1 1
availability-checker/pkg/checker/pgchecker.go:61.2,65.16 3 1
availability-checker/pkg/checker/pgchecker.go:65.16,67.3 1 1
availability-checker/pkg/checker/pgchecker.go:68.2,72.16 3 1
availability-checker/pkg/checker/pgchecker.go:72.16,74.3 1 1
availability-checker/pkg/checker/pgchecker.go:76.2,76.12 1 1
availability-checker/pkg/checker/pgchecker.go:79.44,81.2 1 1
